<?xml version="1.0" encoding="UTF-8"?>
<testsuite xmlns:xsi="http://www.w3.org/2001/XMLSchema-instance" xsi:noNamespaceSchemaLocation="https://maven.apache.org/surefire/maven-surefire-plugin/xsd/surefire-test-report.xsd" name="SpringServiceTest" time="1.838" tests="1" errors="0" skipped="0" failures="0">
  <properties>
    <property name="sun.desktop" value="windows"/>
    <property name="awt.toolkit" value="sun.awt.windows.WToolkit"/>
    <property name="file.encoding.pkg" value="sun.io"/>
    <property name="java.specification.version" value="1.8"/>
    <property name="sun.cpu.isalist" value="amd64"/>
    <property name="sun.jnu.encoding" value="GBK"/>
    <property name="java.class.path" value="D:\javawebStudy\ssm_user_perssion_system_manager\jianyi_ssm_service\target\test-classes;D:\javawebStudy\ssm_user_perssion_system_manager\jianyi_ssm_service\target\classes;D:\maven\maven_repository\maven_repository\com\atjianyi\jianyi_ssm_dao\1.0-SNAPSHOT\jianyi_ssm_dao-1.0-SNAPSHOT.jar;D:\maven\maven_repository\maven_repository\junit\junit\4.12\junit-4.12.jar;D:\maven\maven_repository\maven_repository\org\hamcrest\hamcrest-core\1.3\hamcrest-core-1.3.jar;D:\maven\maven_repository\maven_repository\org\aspectj\aspectjweaver\1.6.8\aspectjweaver-1.6.8.jar;D:\maven\maven_repository\maven_repository\org\springframework\spring-context\5.2.2.RELEASE\spring-context-5.2.2.RELEASE.jar;D:\maven\maven_repository\maven_repository\org\springframework\spring-aop\5.2.2.RELEASE\spring-aop-5.2.2.RELEASE.jar;D:\maven\maven_repository\maven_repository\org\springframework\spring-beans\5.2.2.RELEASE\spring-beans-5.2.2.RELEASE.jar;D:\maven\maven_repository\maven_repository\org\springframework\spring-core\5.2.2.RELEASE\spring-core-5.2.2.RELEASE.jar;D:\maven\maven_repository\maven_repository\org\springframework\spring-jcl\5.2.2.RELEASE\spring-jcl-5.2.2.RELEASE.jar;D:\maven\maven_repository\maven_repository\org\springframework\spring-expression\5.2.2.RELEASE\spring-expression-5.2.2.RELEASE.jar;D:\maven\maven_repository\maven_repository\org\springframework\spring-web\5.2.2.RELEASE\spring-web-5.2.2.RELEASE.jar;D:\maven\maven_repository\maven_repository\org\springframework\spring-webmvc\5.2.2.RELEASE\spring-webmvc-5.2.2.RELEASE.jar;D:\maven\maven_repository\maven_repository\org\springframework\spring-test\5.2.2.RELEASE\spring-test-5.2.2.RELEASE.jar;D:\maven\maven_repository\maven_repository\org\springframework\spring-tx\5.2.2.RELEASE\spring-tx-5.2.2.RELEASE.jar;D:\maven\maven_repository\maven_repository\org\springframework\spring-jdbc\5.2.2.RELEASE\spring-jdbc-5.2.2.RELEASE.jar;D:\maven\maven_repository\maven_repository\mysql\mysql-connector-java\5.1.6\mysql-connector-java-5.1.6.jar;D:\maven\maven_repository\maven_repository\javax\servlet\javax.servlet-api\3.1.0\javax.servlet-api-3.1.0.jar;D:\maven\maven_repository\maven_repository\javax\servlet\jsp\jsp-api\2.0\jsp-api-2.0.jar;D:\maven\maven_repository\maven_repository\jstl\jstl\1.2\jstl-1.2.jar;D:\maven\maven_repository\maven_repository\log4j\log4j\1.2.17\log4j-1.2.17.jar;D:\maven\maven_repository\maven_repository\org\slf4j\slf4j-api\1.6.6\slf4j-api-1.6.6.jar;D:\maven\maven_repository\maven_repository\org\slf4j\slf4j-nop\1.6.6\slf4j-nop-1.6.6.jar;D:\maven\maven_repository\maven_repository\org\mybatis\mybatis\3.4.5\mybatis-3.4.5.jar;D:\maven\maven_repository\maven_repository\org\mybatis\mybatis-spring\1.3.0\mybatis-spring-1.3.0.jar;D:\maven\maven_repository\maven_repository\com\alibaba\druid\1.2.4\druid-1.2.4.jar;D:\maven\maven_repository\maven_repository\com\fasterxml\jackson\core\jackson-core\2.9.5\jackson-core-2.9.5.jar;D:\maven\maven_repository\maven_repository\com\fasterxml\jackson\core\jackson-databind\2.9.5\jackson-databind-2.9.5.jar;D:\maven\maven_repository\maven_repository\com\fasterxml\jackson\core\jackson-annotations\2.9.5\jackson-annotations-2.9.5.jar;"/>
    <property name="java.vm.vendor" value="Oracle Corporation"/>
    <property name="sun.arch.data.model" value="64"/>
    <property name="user.variant" value=""/>
    <property name="java.vendor.url" value="http://java.oracle.com/"/>
    <property name="user.timezone" value="Asia/Shanghai"/>
    <property name="java.vm.specification.version" value="1.8"/>
    <property name="os.name" value="Windows 10"/>
    <property name="user.country" value="CN"/>
    <property name="sun.java.launcher" value="SUN_STANDARD"/>
    <property name="sun.boot.library.path" value="C:\Program Files\Java\jdk1.8.0_221\jre\bin"/>
    <property name="sun.java.command" value="C:\Users\简一\AppData\Local\Temp\surefire2593960919867938099\surefirebooter4720788638136072776.jar C:\Users\简一\AppData\Local\Temp\surefire2593960919867938099 2021-02-19T18-10-57_471-jvmRun1 surefire7181352258053105808tmp surefire_06611715253675295470tmp"/>
    <property name="surefire.test.class.path" value="D:\javawebStudy\ssm_user_perssion_system_manager\jianyi_ssm_service\target\test-classes;D:\javawebStudy\ssm_user_perssion_system_manager\jianyi_ssm_service\target\classes;D:\maven\maven_repository\maven_repository\com\atjianyi\jianyi_ssm_dao\1.0-SNAPSHOT\jianyi_ssm_dao-1.0-SNAPSHOT.jar;D:\maven\maven_repository\maven_repository\junit\junit\4.12\junit-4.12.jar;D:\maven\maven_repository\maven_repository\org\hamcrest\hamcrest-core\1.3\hamcrest-core-1.3.jar;D:\maven\maven_repository\maven_repository\org\aspectj\aspectjweaver\1.6.8\aspectjweaver-1.6.8.jar;D:\maven\maven_repository\maven_repository\org\springframework\spring-context\5.2.2.RELEASE\spring-context-5.2.2.RELEASE.jar;D:\maven\maven_repository\maven_repository\org\springframework\spring-aop\5.2.2.RELEASE\spring-aop-5.2.2.RELEASE.jar;D:\maven\maven_repository\maven_repository\org\springframework\spring-beans\5.2.2.RELEASE\spring-beans-5.2.2.RELEASE.jar;D:\maven\maven_repository\maven_repository\org\springframework\spring-core\5.2.2.RELEASE\spring-core-5.2.2.RELEASE.jar;D:\maven\maven_repository\maven_repository\org\springframework\spring-jcl\5.2.2.RELEASE\spring-jcl-5.2.2.RELEASE.jar;D:\maven\maven_repository\maven_repository\org\springframework\spring-expression\5.2.2.RELEASE\spring-expression-5.2.2.RELEASE.jar;D:\maven\maven_repository\maven_repository\org\springframework\spring-web\5.2.2.RELEASE\spring-web-5.2.2.RELEASE.jar;D:\maven\maven_repository\maven_repository\org\springframework\spring-webmvc\5.2.2.RELEASE\spring-webmvc-5.2.2.RELEASE.jar;D:\maven\maven_repository\maven_repository\org\springframework\spring-test\5.2.2.RELEASE\spring-test-5.2.2.RELEASE.jar;D:\maven\maven_repository\maven_repository\org\springframework\spring-tx\5.2.2.RELEASE\spring-tx-5.2.2.RELEASE.jar;D:\maven\maven_repository\maven_repository\org\springframework\spring-jdbc\5.2.2.RELEASE\spring-jdbc-5.2.2.RELEASE.jar;D:\maven\maven_repository\maven_repository\mysql\mysql-connector-java\5.1.6\mysql-connector-java-5.1.6.jar;D:\maven\maven_repository\maven_repository\javax\servlet\javax.servlet-api\3.1.0\javax.servlet-api-3.1.0.jar;D:\maven\maven_repository\maven_repository\javax\servlet\jsp\jsp-api\2.0\jsp-api-2.0.jar;D:\maven\maven_repository\maven_repository\jstl\jstl\1.2\jstl-1.2.jar;D:\maven\maven_repository\maven_repository\log4j\log4j\1.2.17\log4j-1.2.17.jar;D:\maven\maven_repository\maven_repository\org\slf4j\slf4j-api\1.6.6\slf4j-api-1.6.6.jar;D:\maven\maven_repository\maven_repository\org\slf4j\slf4j-nop\1.6.6\slf4j-nop-1.6.6.jar;D:\maven\maven_repository\maven_repository\org\mybatis\mybatis\3.4.5\mybatis-3.4.5.jar;D:\maven\maven_repository\maven_repository\org\mybatis\mybatis-spring\1.3.0\mybatis-spring-1.3.0.jar;D:\maven\maven_repository\maven_repository\com\alibaba\druid\1.2.4\druid-1.2.4.jar;D:\maven\maven_repository\maven_repository\com\fasterxml\jackson\core\jackson-core\2.9.5\jackson-core-2.9.5.jar;D:\maven\maven_repository\maven_repository\com\fasterxml\jackson\core\jackson-databind\2.9.5\jackson-databind-2.9.5.jar;D:\maven\maven_repository\maven_repository\com\fasterxml\jackson\core\jackson-annotations\2.9.5\jackson-annotations-2.9.5.jar;"/>
    <property name="sun.cpu.endian" value="little"/>
    <property name="user.home" value="C:\Users\简一"/>
    <property name="user.language" value="zh"/>
    <property name="java.specification.vendor" value="Oracle Corporation"/>
    <property name="java.home" value="C:\Program Files\Java\jdk1.8.0_221\jre"/>
    <property name="basedir" value="D:\javawebStudy\ssm_user_perssion_system_manager\jianyi_ssm_service"/>
    <property name="file.separator" value="\"/>
    <property name="line.separator" value="&#10;"/>
    <property name="idea.version2019.2.4" value="true"/>
    <property name="java.vm.specification.vendor" value="Oracle Corporation"/>
    <property name="java.specification.name" value="Java Platform API Specification"/>
    <property name="java.awt.graphicsenv" value="sun.awt.Win32GraphicsEnvironment"/>
    <property name="surefire.real.class.path" value="C:\Users\简一\AppData\Local\Temp\surefire2593960919867938099\surefirebooter4720788638136072776.jar"/>
    <property name="sun.boot.class.path" value="C:\Program Files\Java\jdk1.8.0_221\jre\lib\resources.jar;C:\Program Files\Java\jdk1.8.0_221\jre\lib\rt.jar;C:\Program Files\Java\jdk1.8.0_221\jre\lib\sunrsasign.jar;C:\Program Files\Java\jdk1.8.0_221\jre\lib\jsse.jar;C:\Program Files\Java\jdk1.8.0_221\jre\lib\jce.jar;C:\Program Files\Java\jdk1.8.0_221\jre\lib\charsets.jar;C:\Program Files\Java\jdk1.8.0_221\jre\lib\jfr.jar;C:\Program Files\Java\jdk1.8.0_221\jre\classes"/>
    <property name="user.script" value=""/>
    <property name="sun.management.compiler" value="HotSpot 64-Bit Tiered Compilers"/>
    <property name="java.runtime.version" value="1.8.0_221-b11"/>
    <property name="user.name" value="简一"/>
    <property name="path.separator" value=";"/>
    <property name="os.version" value="10.0"/>
    <property name="java.endorsed.dirs" value="C:\Program Files\Java\jdk1.8.0_221\jre\lib\endorsed"/>
    <property name="java.runtime.name" value="Java(TM) SE Runtime Environment"/>
    <property name="file.encoding" value="GBK"/>
    <property name="java.vm.name" value="Java HotSpot(TM) 64-Bit Server VM"/>
    <property name="localRepository" value="D:\maven\maven_repository\maven_repository"/>
    <property name="java.vendor.url.bug" value="http://bugreport.sun.com/bugreport/"/>
    <property name="java.io.tmpdir" value="C:\Users\简一\AppData\Local\Temp\"/>
    <property name="java.version" value="1.8.0_221"/>
    <property name="user.dir" value="D:\javawebStudy\ssm_user_perssion_system_manager\jianyi_ssm_service"/>
    <property name="os.arch" value="amd64"/>
    <property name="java.vm.specification.name" value="Java Virtual Machine Specification"/>
    <property name="java.awt.printerjob" value="sun.awt.windows.WPrinterJob"/>
    <property name="sun.os.patch.level" value=""/>
    <property name="java.library.path" value="C:\Program Files\Java\jdk1.8.0_221\jre\bin;C:\Windows\Sun\Java\bin;C:\Windows\system32;C:\Windows;C:\Program Files\Microsoft MPI\Bin\;C:\Program Files (x86)\Common Files\Oracle\Java\javapath;C:\Windows\system32;C:\Windows;C:\Windows\System32\Wbem;C:\Windows\System32\WindowsPowerShell\v1.0\;C:\Windows\System32\OpenSSH\;C:\Program Files (x86)\NVIDIA Corporation\PhysX\Common;C:\Program Files\NVIDIA Corporation\NVIDIA NvDLISR;C:\Program Files\Intel\WiFi\bin\;C:\Program Files\Common Files\Intel\WirelessCommon\;C:\Program Files\Java\jdk1.8.0_221\bin;C:\Program Files\Java\jdk1.8.0_221\jre\bin;D:\c语言环境\MinGW\bin;D:\;语言环境\MinGW\msys\1.0\Vim\vim74;C:\;rogram Files\MySQL\MySQL Utilities 1.6\;C:\Windows\system32;C:\Windows;C:\Windows\System32\Wbem;C:\Windows\System32\WindowsPowerShell\v1.0\;C:\Windows\System32\OpenSSH\;C:\Program Files\MySQL\MySQL Server 5.7\bin;D:\andrio\tools;D:\andrio\platform-tools;C:\Users\简一\.android\avd\5.1_WVGA_API_R.avd;D:\Program Files\Git\cmd;D:\maven\apache-maven-3.6.3\bin;D:\Program Files\PuTTY\;D:\andrio\AndroidSdk\platform-tools;D:\phpstudy_pro\Extensions\MySQL5.7.26\bin;D:\mooctest_moblietest\nodejs\;D:\Program Files\VisualSVN Server\bin;D:\Program Files\TortoiseSVN\bin;C:\Users\简一\AppData\Local\Microsoft\WindowsApps;D:\IDE\IntelliJ IDEA Community Edition 2019.3.1\bin;;;D:\Microsoft VS Code\bin;D:\Program Files (x86)\Fiddler;C:\Users\简一\AppData\Roaming\npm;."/>
    <property name="java.vm.info" value="mixed mode"/>
    <property name="java.vendor" value="Oracle Corporation"/>
    <property name="java.vm.version" value="25.221-b11"/>
    <property name="java.ext.dirs" value="C:\Program Files\Java\jdk1.8.0_221\jre\lib\ext;C:\Windows\Sun\Java\lib\ext"/>
    <property name="sun.io.unicode.encoding" value="UnicodeLittle"/>
    <property name="java.class.version" value="52.0"/>
  </properties>
  <testcase name="show" classname="SpringServiceTest" time="0.399"/>
</testsuite>